<?xml version="1.0" encoding="UTF-8"?>
<!-- Generated by org.testng.reporters.JUnitReportReporter -->
<testsuite skipped="0" hostname="INBL01LAP30350" name="users.PhpTravels_Test001_test" tests="1" failures="0" timestamp="2022-04-11T15:55:07 IST" time="17.906" errors="0">
  <testcase name="Test01" time="17.906" classname="users.PhpTravels_Test001_test"/>
  <system-out/>
</testsuite> <!-- users.PhpTravels_Test001_test -->
