<?xml version="1.0" encoding="UTF-8"?>
<!-- Generated by org.testng.reporters.JUnitReportReporter -->
<testsuite skipped="0" hostname="INBL01LAP30350" name="users.Tc_03_Test" tests="1" failures="0" timestamp="2022-08-29T17:37:07 IST" time="28.340" errors="0">
  <testcase name="Tc03" time="28.340" classname="users.Tc_03_Test"/>
  <system-out/>
</testsuite> <!-- users.Tc_03_Test -->
